Copyright 1986-2020 Xilinx, Inc. All Rights Reserved.
------------------------------------------------------------------------------------
| Tool Version : Vivado v.2020.1 (win64) Build 2902540 Wed May 27 19:54:49 MDT 2020
| Date         : Tue May 12 19:43:57 2026
| Host         : CO2041-11 running 64-bit major release  (build 9200)
| Command      : upgrade_ip
| Device       : xc7z020clg484-1
------------------------------------------------------------------------------------

Upgrade Log for IP 'design_1_aes_0_0'

1. Summary
----------

SUCCESS in the upgrade of design_1_aes_0_0 (iastate.edu:user:aes:1.0) from (Rev. 4) to (Rev. 5)






Copyright 1986-2020 Xilinx, Inc. All Rights Reserved.
------------------------------------------------------------------------------------
| Tool Version : Vivado v.2020.1 (win64) Build 2902540 Wed May 27 19:54:49 MDT 2020
| Date         : Tue May 12 18:10:11 2026
| Host         : CO2041-11 running 64-bit major release  (build 9200)
| Command      : upgrade_ip
| Device       : xc7z020clg484-1
------------------------------------------------------------------------------------

Upgrade Log for IP 'design_1_aes_0_0'

1. Summary
----------

SUCCESS in the upgrade of design_1_aes_0_0 (iastate.edu:user:aes:1.0) from (Rev. 3) to (Rev. 4)

